<?xml version="1.0" encoding="UTF-8"?>
<testng-results skipped="0" failed="0" ignored="0" total="0" passed="0">
  <reporter-output>
  </reporter-output>
  <suite name="Suite" duration-ms="713" started-at="2022-09-07T06:02:55 UTC" finished-at="2022-09-07T06:02:56 UTC">
    <groups>
      <group name="cucumber">
        <method signature="AbstractTestNGCucumberTests.runScenario(io.cucumber.testng.PickleWrapper,io.cucumber.testng.FeatureWrapper)[pri:0, instance:com.Swiggy.testscripts.TestRunner@2f8f5f62]" name="runScenario" class="io.cucumber.testng.AbstractTestNGCucumberTests"/>
      </group> <!-- cucumber -->
    </groups>
    <test name="Test" duration-ms="713" started-at="2022-09-07T06:02:55 UTC" finished-at="2022-09-07T06:02:56 UTC">
      <class name="com.Swiggy.testscripts.TestRunner">
        <test-method status="PASS" signature="setUpClass(org.testng.ITestContext)[pri:0, instance:com.Swiggy.testscripts.TestRunner@2f8f5f62]" name="setUpClass" is-config="true" duration-ms="622" started-at="2022-09-07T06:02:55 UTC" finished-at="2022-09-07T06:02:56 UTC">
          <params>
            <param index="0">
              <value>
                <![CDATA[org.testng.TestRunner@6ee4d9ab]]>
              </value>
            </param>
          </params>
          <reporter-output>
          </reporter-output>
        </test-method> <!-- setUpClass -->
        <test-method status="PASS" signature="tearDownClass()[pri:0, instance:com.Swiggy.testscripts.TestRunner@2f8f5f62]" name="tearDownClass" is-config="true" duration-ms="63" started-at="2022-09-07T06:02:56 UTC" finished-at="2022-09-07T06:02:56 UTC">
          <reporter-output>
          </reporter-output>
        </test-method> <!-- tearDownClass -->
      </class> <!-- com.Swiggy.testscripts.TestRunner -->
    </test> <!-- Test -->
  </suite> <!-- Suite -->
</testng-results>
